2025-03-20 19:33:54 - django.utils.autoreload - INFO - Watching for file changes with StatReloader
2025-03-20 19:33:59 - django.request - WARNING - Not Found: /client-info/
2025-03-20 19:33:59 - django.server - WARNING - "POST /client-info/ HTTP/1.1" 404 7123
2025-03-20 19:33:59 - django.server - INFO - "GET /upload/list1/ HTTP/1.1" 200 4782
2025-03-20 19:34:00 - django.request - WARNING - Not Found: /client-info/
2025-03-20 19:34:00 - django.server - WARNING - "POST /client-info/ HTTP/1.1" 404 7123
2025-03-20 19:34:01 - django.server - INFO - "GET /logging_module/pratice/settings/ HTTP/1.1" 200 1
2025-03-20 19:55:48 - django.utils.autoreload - INFO - D:\Python_Project\WuPeiQi_Project\Django项目实战&源码分析班\NB_Platform\web\views\logging_module.py changed, reloading.
2025-03-20 19:55:48 - django.utils.autoreload - INFO - Watching for file changes with StatReloader
2025-03-20 19:55:50 - django.request - WARNING - Not Found: /client-info/
2025-03-20 19:55:50 - django.server - WARNING - "POST /client-info/ HTTP/1.1" 404 7123
2025-03-20 19:55:51 - django.server - INFO - "GET /upload/list1/ HTTP/1.1" 200 4782
2025-03-20 19:55:52 - django.request - WARNING - Not Found: /client-info/
2025-03-20 19:55:52 - django.server - WARNING - "POST /client-info/ HTTP/1.1" 404 7123
2025-03-20 19:55:53 - django.request - ERROR - Internal Server Error: /logging_module/pratice/settings/
Traceback (most recent call last):
  File "D:\Python_Project\WuPeiQi_Project\Django项目实战&源码分析班\NB_Platform\venvs\lib\site-packages\django\core\handlers\exception.py", line 47, in inner
    response = get_response(request)
  File "D:\Python_Project\WuPeiQi_Project\Django项目实战&源码分析班\NB_Platform\venvs\lib\site-packages\django\core\handlers\base.py", line 181, in _get_response
    response = wrapped_callback(request, *callback_args, **callback_kwargs)
  File "D:\Python_Project\WuPeiQi_Project\Django项目实战&源码分析班\NB_Platform\web\views\logging_module.py", line 53, in logging_module_practice_settings
    logger.debug('This is a debug message.')
NameError: name 'logger' is not defined
2025-03-20 19:55:53 - django.server - ERROR - "GET /logging_module/pratice/settings/ HTTP/1.1" 500 78395
2025-03-20 19:57:30 - django.utils.autoreload - INFO - D:\Python_Project\WuPeiQi_Project\Django项目实战&源码分析班\NB_Platform\web\apps.py changed, reloading.
2025-03-20 19:57:30 - django.utils.autoreload - INFO - Watching for file changes with StatReloader
2025-03-20 19:57:38 - django.utils.autoreload - INFO - Watching for file changes with StatReloader
2025-03-20 19:57:45 - django.server - INFO - "GET /upload/list1/ HTTP/1.1" 200 4782
2025-03-20 19:57:45 - django.request - WARNING - Not Found: /client-info/
2025-03-20 19:57:45 - django.server - WARNING - "POST /client-info/ HTTP/1.1" 404 7123
2025-03-20 19:57:46 - django.request - ERROR - Internal Server Error: /logging_module/pratice/settings/
Traceback (most recent call last):
  File "D:\Python_Project\WuPeiQi_Project\Django项目实战&源码分析班\NB_Platform\venvs\lib\site-packages\django\core\handlers\exception.py", line 47, in inner
    response = get_response(request)
  File "D:\Python_Project\WuPeiQi_Project\Django项目实战&源码分析班\NB_Platform\venvs\lib\site-packages\django\core\handlers\base.py", line 181, in _get_response
    response = wrapped_callback(request, *callback_args, **callback_kwargs)
  File "D:\Python_Project\WuPeiQi_Project\Django项目实战&源码分析班\NB_Platform\web\views\logging_module.py", line 53, in logging_module_practice_settings
    logger.debug('This is a debug message.')
NameError: name 'logger' is not defined
2025-03-20 19:57:46 - django.server - ERROR - "GET /logging_module/pratice/settings/ HTTP/1.1" 500 78395
2025-03-20 20:05:00 - django.utils.autoreload - INFO - Watching for file changes with StatReloader
2025-03-20 20:05:06 - django.request - ERROR - Internal Server Error: /logging_module/pratice/settings/
Traceback (most recent call last):
  File "D:\Python_Project\WuPeiQi_Project\Django项目实战&源码分析班\NB_Platform\venvs\lib\site-packages\django\core\handlers\exception.py", line 47, in inner
    response = get_response(request)
  File "D:\Python_Project\WuPeiQi_Project\Django项目实战&源码分析班\NB_Platform\venvs\lib\site-packages\django\core\handlers\base.py", line 181, in _get_response
    response = wrapped_callback(request, *callback_args, **callback_kwargs)
  File "D:\Python_Project\WuPeiQi_Project\Django项目实战&源码分析班\NB_Platform\web\views\logging_module.py", line 53, in logging_module_practice_settings
    logger.debug('This is a debug message.')
NameError: name 'logger' is not defined
2025-03-20 20:05:06 - django.server - ERROR - "GET /logging_module/pratice/settings/ HTTP/1.1" 500 78395
2025-03-20 20:06:15 - django.utils.autoreload - INFO - Watching for file changes with StatReloader
2025-03-20 20:06:20 - django.server - INFO - "GET /upload/list1/ HTTP/1.1" 200 4782
2025-03-20 20:06:21 - django.request - WARNING - Not Found: /client-info/
2025-03-20 20:06:21 - django.server - WARNING - "POST /client-info/ HTTP/1.1" 404 7123
2025-03-20 20:06:21 - django.request - ERROR - Internal Server Error: /logging_module/pratice/settings/
Traceback (most recent call last):
  File "D:\Python_Project\WuPeiQi_Project\Django项目实战&源码分析班\NB_Platform\venvs\lib\site-packages\django\core\handlers\exception.py", line 47, in inner
    response = get_response(request)
  File "D:\Python_Project\WuPeiQi_Project\Django项目实战&源码分析班\NB_Platform\venvs\lib\site-packages\django\core\handlers\base.py", line 181, in _get_response
    response = wrapped_callback(request, *callback_args, **callback_kwargs)
  File "D:\Python_Project\WuPeiQi_Project\Django项目实战&源码分析班\NB_Platform\web\views\logging_module.py", line 53, in logging_module_practice_settings
    logger.debug('This is a debug message.')
NameError: name 'logger' is not defined
2025-03-20 20:06:21 - django.server - ERROR - "GET /logging_module/pratice/settings/ HTTP/1.1" 500 78395
2025-03-20 20:16:02 - django.utils.autoreload - INFO - Watching for file changes with StatReloader
2025-03-20 20:16:06 - django.server - INFO - "GET /upload/list1/ HTTP/1.1" 200 4782
2025-03-20 20:16:07 - django.request - WARNING - Not Found: /client-info/
2025-03-20 20:16:07 - django.server - WARNING - "POST /client-info/ HTTP/1.1" 404 7123
2025-03-20 20:16:08 - django.server - INFO - "GET /logging_module/pratice/settings/ HTTP/1.1" 200 1
2025-03-21 03:14:36 - django.utils.autoreload - INFO - Watching for file changes with StatReloader
2025-03-21 03:14:43 - django.server - INFO - - Broken pipe from ('127.0.0.1', 51251)

2025-03-21 03:14:43 - django.server - INFO - - Broken pipe from ('127.0.0.1', 51250)

2025-03-21 03:14:44 - django.server - INFO - "GET /logout/ HTTP/1.1" 302 0
2025-03-21 03:14:48 - django.server - INFO - "GET /login/ HTTP/1.1" 200 2116
2025-03-21 03:15:27 - django.server - INFO - "POST /login/ HTTP/1.1" 302 0
2025-03-21 03:15:30 - django.server - INFO - "GET /home/ HTTP/1.1" 200 4328
2025-03-21 03:15:33 - django.request - WARNING - Not Found: /client-info/
2025-03-21 03:15:33 - django.server - WARNING - "POST /client-info/ HTTP/1.1" 404 7123
2025-03-21 03:16:33 - django.utils.autoreload - INFO - Watching for file changes with StatReloader
2025-03-21 03:16:42 - django.server - INFO - "GET /logout/ HTTP/1.1" 302 0
2025-03-21 03:16:45 - django.server - INFO - "GET /login/ HTTP/1.1" 200 2116
2025-03-21 03:17:03 - django.server - INFO - "POST /login/ HTTP/1.1" 302 0
2025-03-21 03:17:07 - django.server - INFO - "GET /home/ HTTP/1.1" 200 4328
2025-03-21 03:17:11 - django.request - WARNING - Not Found: /client-info/
2025-03-21 03:17:11 - django.server - WARNING - "POST /client-info/ HTTP/1.1" 404 7123
2025-03-21 03:18:02 - django.utils.autoreload - INFO - D:\Python_Project\WuPeiQi_Project\Django项目实战&源码分析班\NB_Platform\web\views\account.py changed, reloading.
2025-03-21 03:18:02 - django.utils.autoreload - INFO - Watching for file changes with StatReloader
2025-03-21 03:18:07 - django.server - INFO - "GET /logout/ HTTP/1.1" 302 0
2025-03-21 03:18:10 - django.server - INFO - "GET /login/ HTTP/1.1" 200 2116
2025-03-21 03:18:24 - django.server - INFO - "POST /login/ HTTP/1.1" 302 0
2025-03-21 03:18:28 - django.server - INFO - "GET /home/ HTTP/1.1" 200 4328
2025-03-21 03:18:31 - django.request - WARNING - Not Found: /client-info/
2025-03-21 03:18:31 - django.server - WARNING - "POST /client-info/ HTTP/1.1" 404 7123
2025-03-21 03:24:14 - django.utils.autoreload - INFO - D:\Python_Project\WuPeiQi_Project\Django项目实战&源码分析班\NB_Platform\web\views\account.py changed, reloading.
2025-03-21 03:24:14 - django.utils.autoreload - INFO - Watching for file changes with StatReloader
2025-03-21 03:24:20 - django.server - INFO - "GET /logout/ HTTP/1.1" 302 0
2025-03-21 03:24:23 - django.server - INFO - "GET /login/ HTTP/1.1" 200 2116
2025-03-21 03:24:55 - django.server - INFO - "POST /login/ HTTP/1.1" 302 0
2025-03-21 03:24:58 - django.server - INFO - "GET /home/ HTTP/1.1" 200 4328
2025-03-21 03:25:02 - django.request - WARNING - Not Found: /client-info/
2025-03-21 03:25:02 - django.server - WARNING - "POST /client-info/ HTTP/1.1" 404 7123
2025-03-21 03:26:40 - django.utils.autoreload - INFO - D:\Python_Project\WuPeiQi_Project\Django项目实战&源码分析班\NB_Platform\web\views\account.py changed, reloading.
2025-03-21 03:26:40 - django.utils.autoreload - INFO - Watching for file changes with StatReloader
2025-03-21 03:28:56 - django.utils.autoreload - INFO - D:\Python_Project\WuPeiQi_Project\Django项目实战&源码分析班\NB_Platform\web\views\account.py changed, reloading.
2025-03-21 03:28:57 - django.utils.autoreload - INFO - Watching for file changes with StatReloader
2025-03-21 03:34:39 - django.utils.autoreload - INFO - D:\Python_Project\WuPeiQi_Project\Django项目实战&源码分析班\NB_Platform\web\views\account.py changed, reloading.
2025-03-21 03:34:39 - django.utils.autoreload - INFO - Watching for file changes with StatReloader
2025-03-21 03:34:47 - django.server - INFO - "GET /logout/ HTTP/1.1" 302 0
2025-03-21 03:34:50 - django.server - INFO - "GET /login/ HTTP/1.1" 200 2116
2025-03-21 03:35:06 - django.request - ERROR - Internal Server Error: /login/
Traceback (most recent call last):
  File "D:\Python_Project\WuPeiQi_Project\Django项目实战&源码分析班\NB_Platform\venvs\lib\site-packages\django\core\handlers\exception.py", line 47, in inner
    response = get_response(request)
  File "D:\Python_Project\WuPeiQi_Project\Django项目实战&源码分析班\NB_Platform\venvs\lib\site-packages\django\utils\deprecation.py", line 119, in __call__
    response = self.process_response(request, response)
  File "D:\Python_Project\WuPeiQi_Project\Django项目实战&源码分析班\NB_Platform\venvs\lib\site-packages\django\middleware\clickjacking.py", line 26, in process_response
    if response.get('X-Frame-Options') is not None:
AttributeError: 'str' object has no attribute 'get'
2025-03-21 03:35:06 - django.server - ERROR - "POST /login/ HTTP/1.1" 500 79001
2025-03-21 03:37:39 - django.utils.autoreload - INFO - Watching for file changes with StatReloader
2025-03-21 03:37:52 - django.request - ERROR - Internal Server Error: /login/
Traceback (most recent call last):
  File "D:\Python_Project\WuPeiQi_Project\Django项目实战&源码分析班\NB_Platform\venvs\lib\site-packages\django\core\handlers\exception.py", line 47, in inner
    response = get_response(request)
  File "D:\Python_Project\WuPeiQi_Project\Django项目实战&源码分析班\NB_Platform\venvs\lib\site-packages\django\utils\deprecation.py", line 119, in __call__
    response = self.process_response(request, response)
  File "D:\Python_Project\WuPeiQi_Project\Django项目实战&源码分析班\NB_Platform\venvs\lib\site-packages\django\middleware\clickjacking.py", line 26, in process_response
    if response.get('X-Frame-Options') is not None:
AttributeError: 'str' object has no attribute 'get'
2025-03-21 03:37:52 - django.server - ERROR - "POST /login/ HTTP/1.1" 500 79001
2025-03-21 03:46:05 - django.utils.autoreload - INFO - D:\Python_Project\WuPeiQi_Project\Django项目实战&源码分析班\NB_Platform\web\views\account.py changed, reloading.
2025-03-21 03:46:06 - django.utils.autoreload - INFO - Watching for file changes with StatReloader
2025-03-21 03:46:18 - django.server - INFO - - Broken pipe from ('127.0.0.1', 54057)

2025-03-21 03:46:20 - django.server - INFO - "POST /login/ HTTP/1.1" 302 0
2025-03-21 03:46:23 - django.server - INFO - "GET /home/ HTTP/1.1" 200 3986
2025-03-21 03:52:55 - django.utils.autoreload - INFO - D:\Python_Project\WuPeiQi_Project\Django项目实战&源码分析班\NB_Platform\web\views\account.py changed, reloading.
2025-03-21 03:52:55 - django.utils.autoreload - INFO - Watching for file changes with StatReloader
2025-03-21 03:52:59 - django.server - INFO - "GET /logout/ HTTP/1.1" 302 0
2025-03-21 03:53:02 - django.server - INFO - "GET /login/ HTTP/1.1" 200 2116
2025-03-21 03:53:15 - django.utils.autoreload - INFO - D:\Python_Project\WuPeiQi_Project\Django项目实战&源码分析班\NB_Platform\NB_Platform\settings.py changed, reloading.
2025-03-21 03:53:15 - django.utils.autoreload - INFO - Watching for file changes with StatReloader
2025-03-21 03:53:26 - django.server - INFO - "POST /login/ HTTP/1.1" 302 0
2025-03-21 03:53:27 - django.server - INFO - "GET /home/ HTTP/1.1" 200 4319
2025-03-21 03:53:28 - django.request - WARNING - Not Found: /client-info/
2025-03-21 03:53:28 - django.server - WARNING - "POST /client-info/ HTTP/1.1" 404 7123
2025-03-21 03:57:55 - django.utils.autoreload - INFO - D:\Python_Project\WuPeiQi_Project\Django项目实战&源码分析班\NB_Platform\NB_Platform\urls.py changed, reloading.
2025-03-21 03:57:55 - django.utils.autoreload - INFO - Watching for file changes with StatReloader
2025-03-21 04:04:08 - django.utils.autoreload - INFO - D:\Python_Project\WuPeiQi_Project\Django项目实战&源码分析班\NB_Platform\web\views\customer.py changed, reloading.
2025-03-21 04:04:09 - django.utils.autoreload - INFO - Watching for file changes with StatReloader
2025-03-21 04:47:35 - django.utils.autoreload - INFO - Watching for file changes with StatReloader
2025-03-21 04:48:08 - django.server - INFO - "GET /logout/ HTTP/1.1" 302 0
2025-03-21 04:48:09 - django.server - INFO - "GET /login/ HTTP/1.1" 200 2116
2025-03-21 04:48:23 - django.server - INFO - "POST /login/ HTTP/1.1" 302 0
2025-03-21 04:48:24 - django.server - INFO - "GET /home/ HTTP/1.1" 200 4047
2025-03-21 05:10:37 - django.utils.autoreload - INFO - D:\Python_Project\WuPeiQi_Project\Django项目实战&源码分析班\NB_Platform\web\models.py changed, reloading.
2025-03-21 05:10:37 - django.utils.autoreload - INFO - Watching for file changes with StatReloader
2025-03-21 05:22:16 - django.utils.autoreload - INFO - D:\Python_Project\WuPeiQi_Project\Django项目实战&源码分析班\NB_Platform\web\models.py changed, reloading.
2025-03-21 05:22:16 - django.utils.autoreload - INFO - Watching for file changes with StatReloader
2025-03-21 05:22:56 - django.utils.autoreload - INFO - D:\Python_Project\WuPeiQi_Project\Django项目实战&源码分析班\NB_Platform\web\models.py changed, reloading.
2025-03-21 05:22:56 - django.utils.autoreload - INFO - Watching for file changes with StatReloader
2025-03-21 05:28:13 - django.utils.autoreload - INFO - D:\Python_Project\WuPeiQi_Project\Django项目实战&源码分析班\NB_Platform\web\models.py changed, reloading.
2025-03-21 05:28:14 - django.utils.autoreload - INFO - Watching for file changes with StatReloader
2025-03-21 05:31:34 - django.utils.autoreload - INFO - D:\Python_Project\WuPeiQi_Project\Django项目实战&源码分析班\NB_Platform\web\models.py changed, reloading.
2025-03-21 05:31:34 - django.utils.autoreload - INFO - Watching for file changes with StatReloader
2025-03-21 05:35:51 - django.utils.autoreload - INFO - D:\Python_Project\WuPeiQi_Project\Django项目实战&源码分析班\NB_Platform\utils\info\geoip_providers.py changed, reloading.
2025-03-21 05:35:51 - django.utils.autoreload - INFO - Watching for file changes with StatReloader
2025-03-21 05:56:37 - django.utils.autoreload - INFO - D:\Python_Project\WuPeiQi_Project\Django项目实战&源码分析班\NB_Platform\utils\info\geoip_providers.py changed, reloading.
2025-03-21 05:56:38 - django.utils.autoreload - INFO - Watching for file changes with StatReloader
2025-03-21 05:56:41 - django.server - INFO - "GET /logout/ HTTP/1.1" 302 0
2025-03-21 05:56:41 - django.server - INFO - "GET /login/ HTTP/1.1" 200 2116
2025-03-21 05:56:45 - django.utils.autoreload - INFO - Watching for file changes with StatReloader
2025-03-21 05:56:57 - django.server - INFO - "POST /login/ HTTP/1.1" 302 0
2025-03-21 05:56:57 - django.server - INFO - "GET /home/ HTTP/1.1" 200 4047
2025-03-21 05:56:57 - django.server - INFO - "GET /static/css/commons.css HTTP/1.1" 304 0
2025-03-21 05:58:19 - django.server - INFO - "GET /logout/ HTTP/1.1" 302 0
2025-03-21 05:58:20 - django.server - INFO - "GET /login/ HTTP/1.1" 200 2116
2025-03-21 05:58:20 - django.server - INFO - "GET /static/plugins/bootstrap/css/bootstrap.css.map HTTP/1.1" 200 390887
2025-03-21 05:58:31 - django.server - INFO - "POST /login/ HTTP/1.1" 302 0
2025-03-21 05:58:32 - django.server - INFO - "GET /home/ HTTP/1.1" 200 2589
2025-03-21 05:58:35 - django.server - INFO - "GET /my/transaction/list/ HTTP/1.1" 200 9325
2025-03-21 06:03:05 - django.utils.autoreload - INFO - D:\Python_Project\WuPeiQi_Project\Django项目实战&源码分析班\NB_Platform\web\views\account.py changed, reloading.
2025-03-21 06:03:06 - django.utils.autoreload - INFO - Watching for file changes with StatReloader
2025-03-21 06:03:09 - django.server - INFO - "GET /logout/ HTTP/1.1" 302 0
2025-03-21 06:03:09 - django.server - INFO - "GET /login/ HTTP/1.1" 200 2116
2025-03-21 06:03:19 - django.server - INFO - "POST /login/ HTTP/1.1" 302 0
2025-03-21 06:03:20 - django.server - INFO - "GET /home/ HTTP/1.1" 200 2589
2025-03-21 06:07:00 - django.utils.autoreload - INFO - D:\Python_Project\WuPeiQi_Project\Django项目实战&源码分析班\NB_Platform\utils\info\device_detector.py changed, reloading.
2025-03-21 06:07:01 - django.utils.autoreload - INFO - Watching for file changes with StatReloader
2025-03-21 06:07:03 - django.server - INFO - "GET /logout/ HTTP/1.1" 302 0
2025-03-21 06:07:04 - django.server - INFO - "GET /login/ HTTP/1.1" 200 2116
2025-03-21 06:07:14 - django.server - INFO - "POST /login/ HTTP/1.1" 302 0
2025-03-21 06:07:15 - django.server - INFO - "GET /home/ HTTP/1.1" 200 2589
2025-03-21 06:10:29 - django.utils.autoreload - INFO - D:\Python_Project\WuPeiQi_Project\Django项目实战&源码分析班\NB_Platform\NB_Platform\settings.py changed, reloading.
2025-03-21 06:10:29 - django.utils.autoreload - INFO - Watching for file changes with StatReloader
2025-03-21 06:11:23 - django.server - INFO - "GET /logout/ HTTP/1.1" 302 0
2025-03-21 06:11:23 - django.server - INFO - "GET /login/ HTTP/1.1" 200 2116
2025-03-21 06:11:32 - django.server - INFO - "POST /login/ HTTP/1.1" 302 0
2025-03-21 06:11:32 - django.server - INFO - "GET /home/ HTTP/1.1" 200 4047
2025-03-21 06:12:12 - django.server - INFO - "GET /home/ HTTP/1.1" 302 0
2025-03-21 06:12:12 - django.server - INFO - "GET /login/ HTTP/1.1" 200 2116
2025-03-21 06:12:12 - django.server - INFO - "GET /static/plugins/bootstrap/css/bootstrap.css HTTP/1.1" 200 145933
2025-03-21 06:12:12 - django.server - INFO - "GET /favicon.ico HTTP/1.1" 302 0
2025-03-21 06:12:12 - django.server - INFO - "GET /login/ HTTP/1.1" 200 2116
2025-03-21 06:12:21 - django.server - INFO - "POST /login/ HTTP/1.1" 302 0
2025-03-21 06:12:21 - django.server - INFO - "GET /home/ HTTP/1.1" 200 4047
2025-03-21 06:12:21 - django.server - INFO - "GET /static/css/commons.css HTTP/1.1" 200 811
2025-03-21 06:12:21 - django.server - INFO - "GET /static/css/nav.css HTTP/1.1" 200 2707
2025-03-21 06:12:21 - django.server - INFO - "GET /static/css/menu.css HTTP/1.1" 200 1103
2025-03-21 06:12:21 - django.server - INFO - "GET /static/plugins/font-awesome/css/font-awesome.min.css HTTP/1.1" 200 31000
2025-03-21 06:12:21 - django.server - INFO - "GET /static/js/jquery-3.6.0.min.js HTTP/1.1" 200 89501
2025-03-21 06:12:21 - django.server - INFO - "GET /static/images/default.png HTTP/1.1" 200 983
2025-03-21 06:12:21 - django.server - INFO - "GET /static/plugins/bootstrap/css/bootstrap.min.css HTTP/1.1" 200 121457
2025-03-21 06:12:21 - django.server - INFO - "GET /static/plugins/bootstrap/js/bootstrap.min.js HTTP/1.1" 200 39680
2025-03-21 06:12:21 - django.server - INFO - "GET /static/plugins/font-awesome/fonts/fontawesome-webfont.woff2?v=4.7.0 HTTP/1.1" 200 77160
2025-03-21 06:12:21 - django.request - WARNING - Not Found: /favicon.ico
2025-03-21 06:12:21 - django.server - WARNING - "GET /favicon.ico HTTP/1.1" 404 7119
2025-03-21 06:14:51 - django.server - INFO - "GET /customer/list/ HTTP/1.1" 200 15654
2025-03-21 06:15:19 - django.server - INFO - "GET /customer/charge/4/ HTTP/1.1" 200 14631
2025-03-21 06:26:57 - django.utils.autoreload - INFO - D:\Python_Project\WuPeiQi_Project\Django项目实战&源码分析班\NB_Platform\web\views\customer.py changed, reloading.
2025-03-21 06:26:58 - django.utils.autoreload - INFO - Watching for file changes with StatReloader
2025-03-21 06:27:06 - django.server - INFO - "GET /customer/list/ HTTP/1.1" 200 15654
2025-03-21 06:27:07 - django.server - INFO - "GET /customer/charge/5/ HTTP/1.1" 200 10424
2025-03-21 06:27:13 - django.server - INFO - "GET /customer/list/ HTTP/1.1" 200 15654
2025-03-21 06:27:51 - django.server - INFO - "GET /customer/list/?page=2 HTTP/1.1" 200 10223
2025-03-21 06:27:54 - django.server - INFO - "GET /customer/list/?page=1 HTTP/1.1" 200 15824
2025-03-21 06:36:46 - django.server - INFO - "GET /customer/list/ HTTP/1.1" 200 15654
2025-03-21 06:36:47 - django.server - INFO - "GET /customer/list/ HTTP/1.1" 200 15654
2025-03-21 06:37:20 - django.server - INFO - "GET /customer/list/ HTTP/1.1" 200 15654
2025-03-21 06:37:21 - django.server - INFO - "GET /customer/list/ HTTP/1.1" 200 15654
2025-03-21 06:37:21 - django.server - INFO - "GET /customer/list/ HTTP/1.1" 200 15654
2025-03-21 06:37:22 - django.server - INFO - "GET /customer/list/ HTTP/1.1" 200 15654
2025-03-21 06:37:26 - django.server - INFO - "GET /customer/list/ HTTP/1.1" 200 15654
2025-03-21 06:37:26 - django.server - INFO - "GET /customer/list/ HTTP/1.1" 200 15654
2025-03-21 06:37:28 - django.server - INFO - "GET /customer/list/ HTTP/1.1" 200 15654
2025-03-21 06:37:29 - django.server - INFO - "GET /customer/list/ HTTP/1.1" 200 15654
2025-03-21 06:37:30 - django.server - INFO - "GET /customer/list/ HTTP/1.1" 200 15654
2025-03-21 06:37:31 - django.server - INFO - "GET /customer/list/ HTTP/1.1" 200 15654
2025-03-21 06:37:33 - django.server - INFO - "GET /customer/list/ HTTP/1.1" 200 15654
2025-03-21 06:37:34 - django.server - INFO - "GET /customer/list/ HTTP/1.1" 200 15654
2025-03-21 06:37:34 - django.server - INFO - "GET /customer/list/ HTTP/1.1" 200 15654
2025-03-21 06:42:31 - django.utils.autoreload - INFO - D:\Python_Project\WuPeiQi_Project\Django项目实战&源码分析班\NB_Platform\web\views\customer.py changed, reloading.
2025-03-21 06:42:32 - django.utils.autoreload - INFO - Watching for file changes with StatReloader
2025-03-21 06:45:06 - django.server - INFO - "GET /customer/list/ HTTP/1.1" 200 16822
2025-03-21 06:45:25 - django.server - INFO - "GET /customer/list/ HTTP/1.1" 200 16822
2025-03-21 06:45:27 - django.server - INFO - "GET /customer/login/log/4/ HTTP/1.1" 200 3963
2025-03-21 06:54:52 - django.utils.autoreload - INFO - D:\Python_Project\WuPeiQi_Project\Django项目实战&源码分析班\NB_Platform\NB_Platform\settings.py changed, reloading.
2025-03-21 06:54:53 - django.utils.autoreload - INFO - Watching for file changes with StatReloader
2025-03-21 06:54:53 - django.server - INFO - "GET /customer/list/ HTTP/1.1" 200 16822
2025-03-21 06:54:54 - django.request - ERROR - Internal Server Error: /customer/login/log/4/
Traceback (most recent call last):
  File "D:\Python_Project\WuPeiQi_Project\Django项目实战&源码分析班\NB_Platform\venvs\lib\site-packages\django\core\handlers\exception.py", line 47, in inner
    response = get_response(request)
  File "D:\Python_Project\WuPeiQi_Project\Django项目实战&源码分析班\NB_Platform\venvs\lib\site-packages\django\core\handlers\base.py", line 181, in _get_response
    response = wrapped_callback(request, *callback_args, **callback_kwargs)
  File "D:\Python_Project\WuPeiQi_Project\Django项目实战&源码分析班\NB_Platform\web\views\customer.py", line 279, in customer_login_log
    queryset = models.LoginLog.objects.filter(customer_id=pk,customer__active=1,active=1).select_related('customer').order_by('-id')
  File "D:\Python_Project\WuPeiQi_Project\Django项目实战&源码分析班\NB_Platform\venvs\lib\site-packages\django\db\models\manager.py", line 85, in manager_method
    return getattr(self.get_queryset(), name)(*args, **kwargs)
  File "D:\Python_Project\WuPeiQi_Project\Django项目实战&源码分析班\NB_Platform\venvs\lib\site-packages\django\db\models\query.py", line 941, in filter
    return self._filter_or_exclude(False, args, kwargs)
  File "D:\Python_Project\WuPeiQi_Project\Django项目实战&源码分析班\NB_Platform\venvs\lib\site-packages\django\db\models\query.py", line 961, in _filter_or_exclude
    clone._filter_or_exclude_inplace(negate, args, kwargs)
  File "D:\Python_Project\WuPeiQi_Project\Django项目实战&源码分析班\NB_Platform\venvs\lib\site-packages\django\db\models\query.py", line 968, in _filter_or_exclude_inplace
    self._query.add_q(Q(*args, **kwargs))
  File "D:\Python_Project\WuPeiQi_Project\Django项目实战&源码分析班\NB_Platform\venvs\lib\site-packages\django\db\models\sql\query.py", line 1396, in add_q
    clause, _ = self._add_q(q_object, self.used_aliases)
  File "D:\Python_Project\WuPeiQi_Project\Django项目实战&源码分析班\NB_Platform\venvs\lib\site-packages\django\db\models\sql\query.py", line 1415, in _add_q
    child_clause, needed_inner = self.build_filter(
  File "D:\Python_Project\WuPeiQi_Project\Django项目实战&源码分析班\NB_Platform\venvs\lib\site-packages\django\db\models\sql\query.py", line 1289, in build_filter
    lookups, parts, reffed_expression = self.solve_lookup_type(arg)
  File "D:\Python_Project\WuPeiQi_Project\Django项目实战&源码分析班\NB_Platform\venvs\lib\site-packages\django\db\models\sql\query.py", line 1115, in solve_lookup_type
    _, field, _, lookup_parts = self.names_to_path(lookup_splitted, self.get_meta())
  File "D:\Python_Project\WuPeiQi_Project\Django项目实战&源码分析班\NB_Platform\venvs\lib\site-packages\django\db\models\sql\query.py", line 1542, in names_to_path
    raise FieldError("Cannot resolve keyword '%s' into field. "
django.core.exceptions.FieldError: Cannot resolve keyword 'active' into field. Choices are: administrator, administrator_id, customer, customer_id, id, login_browser, login_city, login_device_type, login_ip, login_os, login_province, login_time
2025-03-21 06:54:54 - django.server - ERROR - "GET /customer/login/log/4/ HTTP/1.1" 500 124210
2025-03-21 06:55:27 - django.utils.autoreload - INFO - D:\Python_Project\WuPeiQi_Project\Django项目实战&源码分析班\NB_Platform\web\views\customer.py changed, reloading.
2025-03-21 06:55:27 - django.utils.autoreload - INFO - Watching for file changes with StatReloader
2025-03-21 06:55:28 - django.server - INFO - "GET /customer/list/ HTTP/1.1" 200 16822
2025-03-21 06:55:30 - django.server - INFO - "GET /customer/login/log/4/ HTTP/1.1" 200 8012
2025-03-21 06:55:43 - django.server - INFO - "GET /customer/list/ HTTP/1.1" 200 16822
2025-03-21 07:11:23 - django.server - INFO - "GET /customer/list/ HTTP/1.1" 200 16822
2025-03-21 07:11:24 - django.server - INFO - "GET /customer/login/log/4/ HTTP/1.1" 200 8228
2025-03-21 07:11:26 - django.server - INFO - "GET /customer/list/ HTTP/1.1" 200 16822
2025-03-21 07:11:28 - django.server - INFO - "GET /customer/list/?page=2 HTTP/1.1" 200 10599
2025-03-21 07:11:30 - django.request - ERROR - Internal Server Error: /customer/login/log/16/
Traceback (most recent call last):
  File "D:\Python_Project\WuPeiQi_Project\Django项目实战&源码分析班\NB_Platform\venvs\lib\site-packages\django\core\handlers\exception.py", line 47, in inner
    response = get_response(request)
  File "D:\Python_Project\WuPeiQi_Project\Django项目实战&源码分析班\NB_Platform\venvs\lib\site-packages\django\core\handlers\base.py", line 181, in _get_response
    response = wrapped_callback(request, *callback_args, **callback_kwargs)
  File "D:\Python_Project\WuPeiQi_Project\Django项目实战&源码分析班\NB_Platform\web\views\customer.py", line 282, in customer_login_log
    return render(request,'customer_login_log.html',locals())
  File "D:\Python_Project\WuPeiQi_Project\Django项目实战&源码分析班\NB_Platform\venvs\lib\site-packages\django\shortcuts.py", line 19, in render
    content = loader.render_to_string(template_name, context, request, using=using)
  File "D:\Python_Project\WuPeiQi_Project\Django项目实战&源码分析班\NB_Platform\venvs\lib\site-packages\django\template\loader.py", line 62, in render_to_string
    return template.render(context, request)
  File "D:\Python_Project\WuPeiQi_Project\Django项目实战&源码分析班\NB_Platform\venvs\lib\site-packages\django\template\backends\django.py", line 61, in render
    return self.template.render(context)
  File "D:\Python_Project\WuPeiQi_Project\Django项目实战&源码分析班\NB_Platform\venvs\lib\site-packages\django\template\base.py", line 170, in render
    return self._render(context)
  File "D:\Python_Project\WuPeiQi_Project\Django项目实战&源码分析班\NB_Platform\venvs\lib\site-packages\django\template\base.py", line 162, in _render
    return self.nodelist.render(context)
  File "D:\Python_Project\WuPeiQi_Project\Django项目实战&源码分析班\NB_Platform\venvs\lib\site-packages\django\template\base.py", line 938, in render
    bit = node.render_annotated(context)
  File "D:\Python_Project\WuPeiQi_Project\Django项目实战&源码分析班\NB_Platform\venvs\lib\site-packages\django\template\base.py", line 905, in render_annotated
    return self.render(context)
  File "D:\Python_Project\WuPeiQi_Project\Django项目实战&源码分析班\NB_Platform\venvs\lib\site-packages\django\template\loader_tags.py", line 150, in render
    return compiled_parent._render(context)
  File "D:\Python_Project\WuPeiQi_Project\Django项目实战&源码分析班\NB_Platform\venvs\lib\site-packages\django\template\base.py", line 162, in _render
    return self.nodelist.render(context)
  File "D:\Python_Project\WuPeiQi_Project\Django项目实战&源码分析班\NB_Platform\venvs\lib\site-packages\django\template\base.py", line 938, in render
    bit = node.render_annotated(context)
  File "D:\Python_Project\WuPeiQi_Project\Django项目实战&源码分析班\NB_Platform\venvs\lib\site-packages\django\template\base.py", line 905, in render_annotated
    return self.render(context)
  File "D:\Python_Project\WuPeiQi_Project\Django项目实战&源码分析班\NB_Platform\venvs\lib\site-packages\django\template\loader_tags.py", line 62, in render
    result = block.nodelist.render(context)
  File "D:\Python_Project\WuPeiQi_Project\Django项目实战&源码分析班\NB_Platform\venvs\lib\site-packages\django\template\base.py", line 938, in render
    bit = node.render_annotated(context)
  File "D:\Python_Project\WuPeiQi_Project\Django项目实战&源码分析班\NB_Platform\venvs\lib\site-packages\django\template\base.py", line 905, in render_annotated
    return self.render(context)
  File "D:\Python_Project\WuPeiQi_Project\Django项目实战&源码分析班\NB_Platform\venvs\lib\site-packages\django\template\defaulttags.py", line 211, in render
    nodelist.append(node.render_annotated(context))
  File "D:\Python_Project\WuPeiQi_Project\Django项目实战&源码分析班\NB_Platform\venvs\lib\site-packages\django\template\base.py", line 905, in render_annotated
    return self.render(context)
  File "D:\Python_Project\WuPeiQi_Project\Django项目实战&源码分析班\NB_Platform\venvs\lib\site-packages\django\template\base.py", line 988, in render
    output = self.filter_expression.resolve(context)
  File "D:\Python_Project\WuPeiQi_Project\Django项目实战&源码分析班\NB_Platform\venvs\lib\site-packages\django\template\base.py", line 698, in resolve
    new_obj = func(obj, *arg_vals)
  File "D:\Python_Project\WuPeiQi_Project\Django项目实战&源码分析班\NB_Platform\web\templatetags\color.py", line 13, in color
    return models.TransactionRecord.charge_type_class_mapping[num]
KeyError: ''
2025-03-21 07:11:30 - django.server - ERROR - "GET /customer/login/log/16/ HTTP/1.1" 500 187866
2025-03-21 07:11:53 - django.server - INFO - "GET /customer/list/?page=2 HTTP/1.1" 200 10526
2025-03-21 07:11:55 - django.request - ERROR - Internal Server Error: /customer/login/log/16/
Traceback (most recent call last):
  File "D:\Python_Project\WuPeiQi_Project\Django项目实战&源码分析班\NB_Platform\venvs\lib\site-packages\django\core\handlers\exception.py", line 47, in inner
    response = get_response(request)
  File "D:\Python_Project\WuPeiQi_Project\Django项目实战&源码分析班\NB_Platform\venvs\lib\site-packages\django\core\handlers\base.py", line 181, in _get_response
    response = wrapped_callback(request, *callback_args, **callback_kwargs)
  File "D:\Python_Project\WuPeiQi_Project\Django项目实战&源码分析班\NB_Platform\web\views\customer.py", line 282, in customer_login_log
    return render(request,'customer_login_log.html',locals())
  File "D:\Python_Project\WuPeiQi_Project\Django项目实战&源码分析班\NB_Platform\venvs\lib\site-packages\django\shortcuts.py", line 19, in render
    content = loader.render_to_string(template_name, context, request, using=using)
  File "D:\Python_Project\WuPeiQi_Project\Django项目实战&源码分析班\NB_Platform\venvs\lib\site-packages\django\template\loader.py", line 62, in render_to_string
    return template.render(context, request)
  File "D:\Python_Project\WuPeiQi_Project\Django项目实战&源码分析班\NB_Platform\venvs\lib\site-packages\django\template\backends\django.py", line 61, in render
    return self.template.render(context)
  File "D:\Python_Project\WuPeiQi_Project\Django项目实战&源码分析班\NB_Platform\venvs\lib\site-packages\django\template\base.py", line 170, in render
    return self._render(context)
  File "D:\Python_Project\WuPeiQi_Project\Django项目实战&源码分析班\NB_Platform\venvs\lib\site-packages\django\template\base.py", line 162, in _render
    return self.nodelist.render(context)
  File "D:\Python_Project\WuPeiQi_Project\Django项目实战&源码分析班\NB_Platform\venvs\lib\site-packages\django\template\base.py", line 938, in render
    bit = node.render_annotated(context)
  File "D:\Python_Project\WuPeiQi_Project\Django项目实战&源码分析班\NB_Platform\venvs\lib\site-packages\django\template\base.py", line 905, in render_annotated
    return self.render(context)
  File "D:\Python_Project\WuPeiQi_Project\Django项目实战&源码分析班\NB_Platform\venvs\lib\site-packages\django\template\loader_tags.py", line 150, in render
    return compiled_parent._render(context)
  File "D:\Python_Project\WuPeiQi_Project\Django项目实战&源码分析班\NB_Platform\venvs\lib\site-packages\django\template\base.py", line 162, in _render
    return self.nodelist.render(context)
  File "D:\Python_Project\WuPeiQi_Project\Django项目实战&源码分析班\NB_Platform\venvs\lib\site-packages\django\template\base.py", line 938, in render
    bit = node.render_annotated(context)
  File "D:\Python_Project\WuPeiQi_Project\Django项目实战&源码分析班\NB_Platform\venvs\lib\site-packages\django\template\base.py", line 905, in render_annotated
    return self.render(context)
  File "D:\Python_Project\WuPeiQi_Project\Django项目实战&源码分析班\NB_Platform\venvs\lib\site-packages\django\template\loader_tags.py", line 62, in render
    result = block.nodelist.render(context)
  File "D:\Python_Project\WuPeiQi_Project\Django项目实战&源码分析班\NB_Platform\venvs\lib\site-packages\django\template\base.py", line 938, in render
    bit = node.render_annotated(context)
  File "D:\Python_Project\WuPeiQi_Project\Django项目实战&源码分析班\NB_Platform\venvs\lib\site-packages\django\template\base.py", line 905, in render_annotated
    return self.render(context)
  File "D:\Python_Project\WuPeiQi_Project\Django项目实战&源码分析班\NB_Platform\venvs\lib\site-packages\django\template\defaulttags.py", line 211, in render
    nodelist.append(node.render_annotated(context))
  File "D:\Python_Project\WuPeiQi_Project\Django项目实战&源码分析班\NB_Platform\venvs\lib\site-packages\django\template\base.py", line 905, in render_annotated
    return self.render(context)
  File "D:\Python_Project\WuPeiQi_Project\Django项目实战&源码分析班\NB_Platform\venvs\lib\site-packages\django\template\base.py", line 988, in render
    output = self.filter_expression.resolve(context)
  File "D:\Python_Project\WuPeiQi_Project\Django项目实战&源码分析班\NB_Platform\venvs\lib\site-packages\django\template\base.py", line 698, in resolve
    new_obj = func(obj, *arg_vals)
  File "D:\Python_Project\WuPeiQi_Project\Django项目实战&源码分析班\NB_Platform\web\templatetags\color.py", line 13, in color
    return models.TransactionRecord.charge_type_class_mapping[num]
KeyError: ''
2025-03-21 07:11:55 - django.server - ERROR - "GET /customer/login/log/16/ HTTP/1.1" 500 186986
2025-03-21 07:12:48 - django.utils.autoreload - INFO - D:\Python_Project\WuPeiQi_Project\Django项目实战&源码分析班\NB_Platform\web\views\customer.py changed, reloading.
2025-03-21 07:12:48 - django.utils.autoreload - INFO - Watching for file changes with StatReloader
2025-03-21 07:12:50 - django.server - INFO - "GET /customer/list/?page=2 HTTP/1.1" 200 10522
2025-03-21 07:12:51 - django.request - ERROR - Internal Server Error: /customer/login/log/16/
Traceback (most recent call last):
  File "D:\Python_Project\WuPeiQi_Project\Django项目实战&源码分析班\NB_Platform\venvs\lib\site-packages\django\core\handlers\exception.py", line 47, in inner
    response = get_response(request)
  File "D:\Python_Project\WuPeiQi_Project\Django项目实战&源码分析班\NB_Platform\venvs\lib\site-packages\django\core\handlers\base.py", line 181, in _get_response
    response = wrapped_callback(request, *callback_args, **callback_kwargs)
  File "D:\Python_Project\WuPeiQi_Project\Django项目实战&源码分析班\NB_Platform\web\views\customer.py", line 282, in customer_login_log
    return render(request,'customer_login_log.html',locals())
  File "D:\Python_Project\WuPeiQi_Project\Django项目实战&源码分析班\NB_Platform\venvs\lib\site-packages\django\shortcuts.py", line 19, in render
    content = loader.render_to_string(template_name, context, request, using=using)
  File "D:\Python_Project\WuPeiQi_Project\Django项目实战&源码分析班\NB_Platform\venvs\lib\site-packages\django\template\loader.py", line 62, in render_to_string
    return template.render(context, request)
  File "D:\Python_Project\WuPeiQi_Project\Django项目实战&源码分析班\NB_Platform\venvs\lib\site-packages\django\template\backends\django.py", line 61, in render
    return self.template.render(context)
  File "D:\Python_Project\WuPeiQi_Project\Django项目实战&源码分析班\NB_Platform\venvs\lib\site-packages\django\template\base.py", line 170, in render
    return self._render(context)
  File "D:\Python_Project\WuPeiQi_Project\Django项目实战&源码分析班\NB_Platform\venvs\lib\site-packages\django\template\base.py", line 162, in _render
    return self.nodelist.render(context)
  File "D:\Python_Project\WuPeiQi_Project\Django项目实战&源码分析班\NB_Platform\venvs\lib\site-packages\django\template\base.py", line 938, in render
    bit = node.render_annotated(context)
  File "D:\Python_Project\WuPeiQi_Project\Django项目实战&源码分析班\NB_Platform\venvs\lib\site-packages\django\template\base.py", line 905, in render_annotated
    return self.render(context)
  File "D:\Python_Project\WuPeiQi_Project\Django项目实战&源码分析班\NB_Platform\venvs\lib\site-packages\django\template\loader_tags.py", line 150, in render
    return compiled_parent._render(context)
  File "D:\Python_Project\WuPeiQi_Project\Django项目实战&源码分析班\NB_Platform\venvs\lib\site-packages\django\template\base.py", line 162, in _render
    return self.nodelist.render(context)
  File "D:\Python_Project\WuPeiQi_Project\Django项目实战&源码分析班\NB_Platform\venvs\lib\site-packages\django\template\base.py", line 938, in render
    bit = node.render_annotated(context)
  File "D:\Python_Project\WuPeiQi_Project\Django项目实战&源码分析班\NB_Platform\venvs\lib\site-packages\django\template\base.py", line 905, in render_annotated
    return self.render(context)
  File "D:\Python_Project\WuPeiQi_Project\Django项目实战&源码分析班\NB_Platform\venvs\lib\site-packages\django\template\loader_tags.py", line 62, in render
    result = block.nodelist.render(context)
  File "D:\Python_Project\WuPeiQi_Project\Django项目实战&源码分析班\NB_Platform\venvs\lib\site-packages\django\template\base.py", line 938, in render
    bit = node.render_annotated(context)
  File "D:\Python_Project\WuPeiQi_Project\Django项目实战&源码分析班\NB_Platform\venvs\lib\site-packages\django\template\base.py", line 905, in render_annotated
    return self.render(context)
  File "D:\Python_Project\WuPeiQi_Project\Django项目实战&源码分析班\NB_Platform\venvs\lib\site-packages\django\template\defaulttags.py", line 211, in render
    nodelist.append(node.render_annotated(context))
  File "D:\Python_Project\WuPeiQi_Project\Django项目实战&源码分析班\NB_Platform\venvs\lib\site-packages\django\template\base.py", line 905, in render_annotated
    return self.render(context)
  File "D:\Python_Project\WuPeiQi_Project\Django项目实战&源码分析班\NB_Platform\venvs\lib\site-packages\django\template\base.py", line 988, in render
    output = self.filter_expression.resolve(context)
  File "D:\Python_Project\WuPeiQi_Project\Django项目实战&源码分析班\NB_Platform\venvs\lib\site-packages\django\template\base.py", line 698, in resolve
    new_obj = func(obj, *arg_vals)
  File "D:\Python_Project\WuPeiQi_Project\Django项目实战&源码分析班\NB_Platform\web\templatetags\color.py", line 13, in color
    return models.TransactionRecord.charge_type_class_mapping[num]
KeyError: ''
2025-03-21 07:12:51 - django.server - ERROR - "GET /customer/login/log/16/ HTTP/1.1" 500 190649
2025-03-21 07:14:13 - django.server - INFO - "GET /customer/list/?page=2 HTTP/1.1" 200 10522
2025-03-21 07:14:17 - django.utils.autoreload - INFO - Watching for file changes with StatReloader
2025-03-21 07:14:20 - django.request - ERROR - Internal Server Error: /customer/login/log/16/
Traceback (most recent call last):
  File "D:\Python_Project\WuPeiQi_Project\Django项目实战&源码分析班\NB_Platform\venvs\lib\site-packages\django\core\handlers\exception.py", line 47, in inner
    response = get_response(request)
  File "D:\Python_Project\WuPeiQi_Project\Django项目实战&源码分析班\NB_Platform\venvs\lib\site-packages\django\core\handlers\base.py", line 181, in _get_response
    response = wrapped_callback(request, *callback_args, **callback_kwargs)
  File "D:\Python_Project\WuPeiQi_Project\Django项目实战&源码分析班\NB_Platform\web\views\customer.py", line 282, in customer_login_log
    return render(request,'customer_login_log.html',locals())
  File "D:\Python_Project\WuPeiQi_Project\Django项目实战&源码分析班\NB_Platform\venvs\lib\site-packages\django\shortcuts.py", line 19, in render
    content = loader.render_to_string(template_name, context, request, using=using)
  File "D:\Python_Project\WuPeiQi_Project\Django项目实战&源码分析班\NB_Platform\venvs\lib\site-packages\django\template\loader.py", line 62, in render_to_string
    return template.render(context, request)
  File "D:\Python_Project\WuPeiQi_Project\Django项目实战&源码分析班\NB_Platform\venvs\lib\site-packages\django\template\backends\django.py", line 61, in render
    return self.template.render(context)
  File "D:\Python_Project\WuPeiQi_Project\Django项目实战&源码分析班\NB_Platform\venvs\lib\site-packages\django\template\base.py", line 170, in render
    return self._render(context)
  File "D:\Python_Project\WuPeiQi_Project\Django项目实战&源码分析班\NB_Platform\venvs\lib\site-packages\django\template\base.py", line 162, in _render
    return self.nodelist.render(context)
  File "D:\Python_Project\WuPeiQi_Project\Django项目实战&源码分析班\NB_Platform\venvs\lib\site-packages\django\template\base.py", line 938, in render
    bit = node.render_annotated(context)
  File "D:\Python_Project\WuPeiQi_Project\Django项目实战&源码分析班\NB_Platform\venvs\lib\site-packages\django\template\base.py", line 905, in render_annotated
    return self.render(context)
  File "D:\Python_Project\WuPeiQi_Project\Django项目实战&源码分析班\NB_Platform\venvs\lib\site-packages\django\template\loader_tags.py", line 150, in render
    return compiled_parent._render(context)
  File "D:\Python_Project\WuPeiQi_Project\Django项目实战&源码分析班\NB_Platform\venvs\lib\site-packages\django\template\base.py", line 162, in _render
    return self.nodelist.render(context)
  File "D:\Python_Project\WuPeiQi_Project\Django项目实战&源码分析班\NB_Platform\venvs\lib\site-packages\django\template\base.py", line 938, in render
    bit = node.render_annotated(context)
  File "D:\Python_Project\WuPeiQi_Project\Django项目实战&源码分析班\NB_Platform\venvs\lib\site-packages\django\template\base.py", line 905, in render_annotated
    return self.render(context)
  File "D:\Python_Project\WuPeiQi_Project\Django项目实战&源码分析班\NB_Platform\venvs\lib\site-packages\django\template\loader_tags.py", line 62, in render
    result = block.nodelist.render(context)
  File "D:\Python_Project\WuPeiQi_Project\Django项目实战&源码分析班\NB_Platform\venvs\lib\site-packages\django\template\base.py", line 938, in render
    bit = node.render_annotated(context)
  File "D:\Python_Project\WuPeiQi_Project\Django项目实战&源码分析班\NB_Platform\venvs\lib\site-packages\django\template\base.py", line 905, in render_annotated
    return self.render(context)
  File "D:\Python_Project\WuPeiQi_Project\Django项目实战&源码分析班\NB_Platform\venvs\lib\site-packages\django\template\defaulttags.py", line 211, in render
    nodelist.append(node.render_annotated(context))
  File "D:\Python_Project\WuPeiQi_Project\Django项目实战&源码分析班\NB_Platform\venvs\lib\site-packages\django\template\base.py", line 905, in render_annotated
    return self.render(context)
  File "D:\Python_Project\WuPeiQi_Project\Django项目实战&源码分析班\NB_Platform\venvs\lib\site-packages\django\template\base.py", line 988, in render
    output = self.filter_expression.resolve(context)
  File "D:\Python_Project\WuPeiQi_Project\Django项目实战&源码分析班\NB_Platform\venvs\lib\site-packages\django\template\base.py", line 698, in resolve
    new_obj = func(obj, *arg_vals)
  File "D:\Python_Project\WuPeiQi_Project\Django项目实战&源码分析班\NB_Platform\web\templatetags\color.py", line 13, in color
    return models.TransactionRecord.charge_type_class_mapping[num]
KeyError: ''
2025-03-21 07:14:20 - django.server - ERROR - "GET /customer/login/log/16/ HTTP/1.1" 500 190642
2025-03-21 07:17:19 - django.server - INFO - "GET /customer/login/log/16/ HTTP/1.1" 200 13815
2025-03-21 07:18:38 - django.server - INFO - "GET /customer/login/log/16/ HTTP/1.1" 200 13781
2025-03-21 07:19:20 - django.server - INFO - "GET /customer/login/log/16/ HTTP/1.1" 200 13575
2025-03-21 07:26:59 - django.server - INFO - "GET /policy/list/ HTTP/1.1" 200 10564
2025-03-21 07:27:00 - django.server - INFO - "GET /customer/list/ HTTP/1.1" 200 16745
2025-03-21 07:27:00 - django.server - INFO - "GET /level/list/ HTTP/1.1" 200 5680
2025-03-21 07:27:01 - django.server - INFO - "GET /customer/list/ HTTP/1.1" 200 16745
2025-03-21 07:27:04 - django.server - INFO - "GET /customer/list/ HTTP/1.1" 200 16745
2025-03-21 07:27:06 - django.server - INFO - "GET /policy/list/ HTTP/1.1" 200 10564
2025-03-21 07:27:08 - django.server - INFO - "GET /city/list/ HTTP/1.1" 200 6134
2025-03-21 07:27:08 - django.request - WARNING - Not Found: /118d499cedb47ea0402b1dbe5197103.jpg
2025-03-21 07:27:08 - django.server - WARNING - "GET /118d499cedb47ea0402b1dbe5197103.jpg HTTP/1.1" 404 7216
2025-03-21 07:27:08 - django.request - WARNING - Not Found: /city/测试图片1.png
2025-03-21 07:27:08 - django.request - WARNING - Not Found: /city/31e095469536dfa4f471349a50c3b5b.png
2025-03-21 07:27:08 - django.server - WARNING - "GET /city/%E6%B5%8B%E8%AF%95%E5%9B%BE%E7%89%871.png HTTP/1.1" 404 7201
2025-03-21 07:27:08 - django.server - WARNING - "GET /city/31e095469536dfa4f471349a50c3b5b.png HTTP/1.1" 404 7231
2025-03-21 07:27:09 - django.server - INFO - "GET /city/list2/ HTTP/1.1" 200 8395
2025-03-21 07:27:09 - django.request - WARNING - Not Found: /media/root/2025-03/19e2ef72d1922612064c2783d9a16299_1.jpg
2025-03-21 07:27:09 - django.request - WARNING - Not Found: /media/root/2025-03/31e095469536dfa4f471349a50c3b5b.png
2025-03-21 07:27:09 - django.server - WARNING - "GET /media/root/2025-03/19e2ef72d1922612064c2783d9a16299_1.jpg HTTP/1.1" 404 2266
2025-03-21 07:27:09 - django.request - WARNING - Not Found: /media/root/2025-03/测试图片1.png
2025-03-21 07:27:09 - django.request - WARNING - Not Found: /media/root/2025-03/118d499cedb47ea0402b1dbe5197103.jpg
2025-03-21 07:27:09 - django.server - INFO - "GET /media/root/2025-03/11a3ea41460b41067fe3cef31cc358c.png HTTP/1.1" 304 0
2025-03-21 07:27:09 - django.server - WARNING - "GET /media/root/2025-03/31e095469536dfa4f471349a50c3b5b.png HTTP/1.1" 404 2257
2025-03-21 07:27:09 - django.request - WARNING - Not Found: /media/root/2025-03/398ca6716b5a051a6cee785da12b0ba.png
2025-03-21 07:27:09 - django.server - WARNING - "GET /media/root/2025-03/%E6%B5%8B%E8%AF%95%E5%9B%BE%E7%89%871.png HTTP/1.1" 404 2227
2025-03-21 07:27:09 - django.server - WARNING - "GET /media/root/2025-03/118d499cedb47ea0402b1dbe5197103.jpg HTTP/1.1" 404 2257
2025-03-21 07:27:09 - django.server - WARNING - "GET /media/root/2025-03/398ca6716b5a051a6cee785da12b0ba.png HTTP/1.1" 404 2257
2025-03-21 07:27:10 - django.server - INFO - "GET /customer/list/ HTTP/1.1" 200 16745
2025-03-21 07:27:11 - django.server - INFO - "GET /policy/list/ HTTP/1.1" 200 10564
2025-03-21 07:27:12 - django.server - INFO - "GET /customer/list/ HTTP/1.1" 200 16745
2025-03-21 07:27:13 - django.server - INFO - "GET /customer/charge/4/ HTTP/1.1" 200 14554
2025-03-21 07:27:16 - django.server - INFO - "GET /my/transaction/list/ HTTP/1.1" 200 9248
2025-03-21 07:28:41 - django.server - INFO - "GET /logout/ HTTP/1.1" 302 0
2025-03-21 07:28:41 - django.server - INFO - "GET /login/ HTTP/1.1" 200 2116
2025-03-21 07:28:51 - django.server - INFO - "POST /login/ HTTP/1.1" 302 0
2025-03-21 07:28:51 - django.server - INFO - "GET /home/ HTTP/1.1" 200 2512
2025-03-21 07:28:52 - django.server - INFO - "GET /my/transaction/list/ HTTP/1.1" 200 9248
2025-03-21 07:29:25 - django.server - INFO - "GET /customer/list/ HTTP/1.1" 200 16745
2025-03-21 07:29:26 - django.server - INFO - "GET /customer/login/log/7/ HTTP/1.1" 200 12714
2025-03-21 07:29:30 - django.server - INFO - "GET /customer/list/?page=2 HTTP/1.1" 200 10522
2025-03-21 07:29:32 - django.server - INFO - "GET /customer/login/log/16/ HTTP/1.1" 200 13575
2025-03-21 07:29:42 - django.server - INFO - "GET /logout/ HTTP/1.1" 302 0
2025-03-21 07:29:42 - django.server - INFO - "GET /login/ HTTP/1.1" 200 2116
2025-03-21 07:29:52 - django.server - INFO - "POST /login/ HTTP/1.1" 302 0
2025-03-21 07:29:52 - django.server - INFO - "GET /home/ HTTP/1.1" 200 2512
2025-03-21 07:29:54 - django.server - INFO - "GET /my/transaction/list/ HTTP/1.1" 200 9248
2025-03-21 07:30:55 - django.server - INFO - "GET /customer/login/log/16/ HTTP/1.1" 200 13615
2025-03-21 07:31:12 - django.server - INFO - "GET /customer/list/ HTTP/1.1" 200 16745
2025-03-21 07:31:13 - django.server - INFO - "GET /customer/list/?page=2 HTTP/1.1" 200 10522
2025-03-21 07:31:18 - django.server - INFO - "GET /customer/login/log/16/ HTTP/1.1" 200 13615
2025-03-21 07:32:24 - django.utils.autoreload - INFO - Watching for file changes with StatReloader
2025-03-21 07:32:29 - django.server - INFO - "GET /logout/ HTTP/1.1" 302 0
2025-03-21 07:32:29 - django.server - INFO - "GET /login/ HTTP/1.1" 200 2116
2025-03-21 07:32:39 - django.server - INFO - "POST /login/ HTTP/1.1" 302 0
2025-03-21 07:32:39 - django.server - INFO - "GET /home/ HTTP/1.1" 200 2512
2025-03-21 07:32:43 - django.server - INFO - "GET /my/transaction/list/ HTTP/1.1" 200 9248
2025-03-21 07:32:54 - django.server - INFO - "GET /customer/login/log/16/ HTTP/1.1" 200 13615
2025-03-21 07:32:55 - django.server - INFO - "GET /customer/login/log/16/ HTTP/1.1" 200 13615
2025-03-21 07:33:04 - django.server - INFO - "GET /logout/ HTTP/1.1" 302 0
2025-03-21 07:33:04 - django.server - INFO - "GET /login/ HTTP/1.1" 200 2116
2025-03-21 07:33:13 - django.server - INFO - "POST /login/ HTTP/1.1" 302 0
2025-03-21 07:33:13 - django.server - INFO - "GET /home/ HTTP/1.1" 200 3970
2025-03-21 07:34:47 - django.utils.autoreload - INFO - Watching for file changes with StatReloader
2025-03-21 07:34:50 - django.server - INFO - "GET /logout/ HTTP/1.1" 302 0
2025-03-21 07:34:50 - django.server - INFO - "GET /login/ HTTP/1.1" 200 2116
2025-03-21 07:34:59 - django.server - INFO - "POST /login/ HTTP/1.1" 302 0
2025-03-21 07:34:59 - django.server - INFO - "GET /home/ HTTP/1.1" 200 2512
2025-03-21 07:35:03 - django.server - INFO - "GET /customer/list/ HTTP/1.1" 200 16745
2025-03-21 07:35:04 - django.server - INFO - "GET /customer/list/?page=2 HTTP/1.1" 200 10522
2025-03-21 07:35:06 - django.server - INFO - "GET /customer/login/log/16/ HTTP/1.1" 200 13570
2025-03-21 07:35:22 - django.server - INFO - "GET /logout/ HTTP/1.1" 302 0
2025-03-21 07:35:22 - django.server - INFO - "GET /login/ HTTP/1.1" 200 2116
2025-03-21 07:35:31 - django.server - INFO - "POST /login/ HTTP/1.1" 302 0
2025-03-21 07:35:31 - django.server - INFO - "GET /home/ HTTP/1.1" 200 3970
2025-03-21 07:36:56 - django.server - INFO - "GET /home/ HTTP/1.1" 200 2512
2025-03-21 07:36:57 - django.server - INFO - "GET /logout/ HTTP/1.1" 302 0
2025-03-21 07:36:57 - django.server - INFO - "GET /login/ HTTP/1.1" 200 2116
2025-03-21 07:37:06 - django.server - INFO - "POST /login/ HTTP/1.1" 302 0
2025-03-21 07:37:06 - django.server - INFO - "GET /home/ HTTP/1.1" 200 2512
2025-03-21 07:37:48 - django.server - INFO - "GET /customer/list/ HTTP/1.1" 200 16745
2025-03-21 07:37:49 - django.server - INFO - "GET /customer/list/?page=2 HTTP/1.1" 200 10522
2025-03-21 07:37:51 - django.server - INFO - "GET /customer/login/log/16/ HTTP/1.1" 200 13935
2025-03-21 07:40:55 - django.server - INFO - "GET /customer/login/log/16/ HTTP/1.1" 200 13881
2025-03-21 07:41:37 - django.utils.autoreload - INFO - D:\Python_Project\WuPeiQi_Project\Django项目实战&源码分析班\NB_Platform\web\models.py changed, reloading.
2025-03-21 07:41:37 - django.utils.autoreload - INFO - Watching for file changes with StatReloader
2025-03-21 07:41:44 - django.server - INFO - "GET /customer/login/log/16/ HTTP/1.1" 200 13687
2025-03-21 07:41:46 - django.server - INFO - "GET /customer/login/log/16/ HTTP/1.1" 200 13687
2025-03-21 07:41:46 - django.server - INFO - "GET /customer/login/log/16/ HTTP/1.1" 200 13687
2025-03-21 07:41:51 - django.utils.autoreload - INFO - Watching for file changes with StatReloader
2025-03-21 07:41:58 - django.server - INFO - "GET /customer/login/log/16/ HTTP/1.1" 200 13699
2025-03-21 07:42:12 - django.server - INFO - "GET /my/transaction/list/ HTTP/1.1" 200 9248
2025-03-21 07:42:12 - django.server - INFO - "GET /my/transaction/list/ HTTP/1.1" 200 9248
2025-03-21 07:44:54 - django.utils.autoreload - INFO - D:\Python_Project\WuPeiQi_Project\Django项目实战&源码分析班\NB_Platform\web\views\customer.py changed, reloading.
2025-03-21 07:44:54 - django.utils.autoreload - INFO - Watching for file changes with StatReloader
2025-03-21 07:44:56 - django.server - INFO - "GET /customer/login/log/16/ HTTP/1.1" 200 13699
2025-03-21 07:45:28 - django.server - INFO - "GET /customer/login/log/16/ HTTP/1.1" 200 13699
2025-03-21 07:45:30 - django.request - ERROR - Internal Server Error: /customer/login/log/16/
Traceback (most recent call last):
  File "D:\Python_Project\WuPeiQi_Project\Django项目实战&源码分析班\NB_Platform\venvs\lib\site-packages\django\core\handlers\exception.py", line 47, in inner
    response = get_response(request)
  File "D:\Python_Project\WuPeiQi_Project\Django项目实战&源码分析班\NB_Platform\venvs\lib\site-packages\django\core\handlers\base.py", line 181, in _get_response
    response = wrapped_callback(request, *callback_args, **callback_kwargs)
  File "D:\Python_Project\WuPeiQi_Project\Django项目实战&源码分析班\NB_Platform\web\views\customer.py", line 284, in customer_login_log
    queryset, start_date, end_date, pager = filter_by_date_range(request, queryset)
  File "D:\Python_Project\WuPeiQi_Project\Django项目实战&源码分析班\NB_Platform\utils\time_filter.py", line 37, in filter_by_date_range
    queryset = queryset.filter(create_datetime__range=(start_date, end_date))
  File "D:\Python_Project\WuPeiQi_Project\Django项目实战&源码分析班\NB_Platform\venvs\lib\site-packages\django\db\models\query.py", line 941, in filter
    return self._filter_or_exclude(False, args, kwargs)
  File "D:\Python_Project\WuPeiQi_Project\Django项目实战&源码分析班\NB_Platform\venvs\lib\site-packages\django\db\models\query.py", line 961, in _filter_or_exclude
    clone._filter_or_exclude_inplace(negate, args, kwargs)
  File "D:\Python_Project\WuPeiQi_Project\Django项目实战&源码分析班\NB_Platform\venvs\lib\site-packages\django\db\models\query.py", line 968, in _filter_or_exclude_inplace
    self._query.add_q(Q(*args, **kwargs))
  File "D:\Python_Project\WuPeiQi_Project\Django项目实战&源码分析班\NB_Platform\venvs\lib\site-packages\django\db\models\sql\query.py", line 1396, in add_q
    clause, _ = self._add_q(q_object, self.used_aliases)
  File "D:\Python_Project\WuPeiQi_Project\Django项目实战&源码分析班\NB_Platform\venvs\lib\site-packages\django\db\models\sql\query.py", line 1415, in _add_q
    child_clause, needed_inner = self.build_filter(
  File "D:\Python_Project\WuPeiQi_Project\Django项目实战&源码分析班\NB_Platform\venvs\lib\site-packages\django\db\models\sql\query.py", line 1289, in build_filter
    lookups, parts, reffed_expression = self.solve_lookup_type(arg)
  File "D:\Python_Project\WuPeiQi_Project\Django项目实战&源码分析班\NB_Platform\venvs\lib\site-packages\django\db\models\sql\query.py", line 1115, in solve_lookup_type
    _, field, _, lookup_parts = self.names_to_path(lookup_splitted, self.get_meta())
  File "D:\Python_Project\WuPeiQi_Project\Django项目实战&源码分析班\NB_Platform\venvs\lib\site-packages\django\db\models\sql\query.py", line 1542, in names_to_path
    raise FieldError("Cannot resolve keyword '%s' into field. "
django.core.exceptions.FieldError: Cannot resolve keyword 'create_datetime' into field. Choices are: administrator, administrator_id, customer, customer_id, id, login_browser, login_city, login_device_type, login_ip, login_os, login_province, login_time
2025-03-21 07:45:30 - django.server - ERROR - "GET /customer/login/log/16/?days_range=3 HTTP/1.1" 500 126487
2025-03-21 08:20:38 - django.utils.autoreload - INFO - Watching for file changes with StatReloader
2025-03-21 08:20:44 - django.request - WARNING - Not Found: /favicon.ico
2025-03-21 08:20:44 - django.server - WARNING - "GET /favicon.ico HTTP/1.1" 404 7144
2025-03-21 08:20:48 - django.request - ERROR - Internal Server Error: /info/
Traceback (most recent call last):
  File "D:\Python_Project\WuPeiQi_Project\Django项目实战&源码分析班\NB_Platform\venvs\lib\site-packages\django\core\handlers\exception.py", line 47, in inner
    response = get_response(request)
  File "D:\Python_Project\WuPeiQi_Project\Django项目实战&源码分析班\NB_Platform\venvs\lib\site-packages\django\core\handlers\base.py", line 181, in _get_response
    response = wrapped_callback(request, *callback_args, **callback_kwargs)
  File "D:\Python_Project\WuPeiQi_Project\Django项目实战&源码分析班\NB_Platform\web\views\info.py", line 7, in client_info_view
    'summary': request.client_info.summary(),
AttributeError: 'WSGIRequest' object has no attribute 'client_info'
2025-03-21 08:20:48 - django.server - ERROR - "GET /info/ HTTP/1.1" 500 77437
2025-03-21 13:57:30 - django.server - INFO - "GET /customer/list/ HTTP/1.1" 200 16745
2025-03-21 14:17:22 - django.server - INFO - "GET /upload/list1/ HTTP/1.1" 200 4424
2025-03-21 14:17:22 - django.request - WARNING - Not Found: /favicon.ico
2025-03-21 14:17:22 - django.server - WARNING - "GET /favicon.ico HTTP/1.1" 404 7144
2025-03-21 14:17:23 - django.server - INFO - "GET /upload/list2/ HTTP/1.1" 200 5639
2025-03-21 14:17:23 - django.server - INFO - "GET /upload/list3/ HTTP/1.1" 200 5649
2025-03-21 14:17:24 - django.server - INFO - "GET /upload/list1/ HTTP/1.1" 200 4424
2025-03-21 14:17:29 - django.server - INFO - "GET /upload/list2/ HTTP/1.1" 200 5639
2025-03-21 14:17:30 - django.server - INFO - "GET /logging_module/pratice/ HTTP/1.1" 200 1
2025-03-21 14:17:35 - django.server - INFO - "GET /logging_module/pratice/settings/ HTTP/1.1" 200 1
2025-03-21 14:27:53 - django.server - INFO - "GET /upload/list2/ HTTP/1.1" 200 5639
2025-03-21 14:53:16 - django.server - INFO - "GET /customer/list/ HTTP/1.1" 200 16745
2025-03-21 14:53:18 - django.server - INFO - "GET /customer/list/?page=2 HTTP/1.1" 200 10522
2025-03-21 14:53:19 - django.server - INFO - "GET /customer/login/log/16/ HTTP/1.1" 200 13699
2025-03-21 15:12:12 - django.utils.autoreload - INFO - D:\Python_Project\WuPeiQi_Project\Django项目实战&源码分析班\NB_Platform\utils\info\geoip_providers.py changed, reloading.
2025-03-21 15:12:13 - django.utils.autoreload - INFO - Watching for file changes with StatReloader
2025-03-21 15:20:12 - django.utils.autoreload - INFO - D:\Python_Project\WuPeiQi_Project\Django项目实战&源码分析班\NB_Platform\utils\info\geoip_providers.py changed, reloading.
2025-03-21 15:20:12 - django.utils.autoreload - INFO - Watching for file changes with StatReloader
2025-03-21 15:22:40 - django.utils.autoreload - INFO - D:\Python_Project\WuPeiQi_Project\Django项目实战&源码分析班\NB_Platform\web\models.py changed, reloading.
2025-03-21 15:22:41 - django.utils.autoreload - INFO - Watching for file changes with StatReloader
2025-03-21 16:38:54 - django.utils.autoreload - INFO - Watching for file changes with StatReloader
2025-03-22 04:19:56 - django.utils.autoreload - INFO - D:\Python_Project\WuPeiQi_Project\Django项目实战&源码分析班\NB_Platform\NB_Platform\settings.py changed, reloading.
2025-03-22 04:19:56 - django.utils.autoreload - INFO - Watching for file changes with StatReloader
2025-03-22 06:48:53 - django.utils.autoreload - INFO - Watching for file changes with StatReloader
2025-03-22 06:49:18 - django.utils.autoreload - INFO - Watching for file changes with StatReloader
2025-03-22 06:49:26 - django.request - WARNING - Not Found: /
2025-03-22 06:49:26 - django.server - WARNING - "GET / HTTP/1.1" 404 7093
2025-03-22 06:49:34 - django.server - INFO - "GET /login/ HTTP/1.1" 200 2116
2025-03-22 06:49:43 - django.server - INFO - "POST /login/ HTTP/1.1" 302 0
2025-03-22 06:49:43 - django.server - INFO - "GET /home/ HTTP/1.1" 200 3970
2025-03-22 06:49:43 - django.server - INFO - "GET /static/css/commons.css HTTP/1.1" 304 0
2025-03-22 06:49:45 - django.server - INFO - "GET /customer/list/ HTTP/1.1" 200 16745
2025-03-22 06:49:51 - django.server - INFO - "GET /customer/list/ HTTP/1.1" 200 16745
2025-03-22 06:49:51 - django.server - INFO - "GET /static/css/commons.css HTTP/1.1" 304 0
2025-03-22 06:49:51 - django.server - INFO - "GET /static/plugins/bootstrap/fonts/glyphicons-halflings-regular.woff2 HTTP/1.1" 200 18028
2025-03-22 06:49:56 - django.server - INFO - "GET /logout/ HTTP/1.1" 302 0
2025-03-22 06:49:56 - django.server - INFO - "GET /login/ HTTP/1.1" 200 2116
2025-03-22 06:50:01 - django.server - INFO - "GET /customer/list/?page=2 HTTP/1.1" 200 10522
2025-03-22 06:50:03 - django.request - ERROR - Internal Server Error: /customer/login/log/16/
Traceback (most recent call last):
  File "D:\Python_Project\WuPeiQi_Project\Django项目实战&源码分析班\NB_Platform\venvs\lib\site-packages\django\db\backends\utils.py", line 84, in _execute
    return self.cursor.execute(sql, params)
  File "D:\Python_Project\WuPeiQi_Project\Django项目实战&源码分析班\NB_Platform\venvs\lib\site-packages\django\db\backends\mysql\base.py", line 73, in execute
    return self.cursor.execute(query, args)
  File "D:\Python_Project\WuPeiQi_Project\Django项目实战&源码分析班\NB_Platform\venvs\lib\site-packages\pymysql\cursors.py", line 153, in execute
    result = self._query(query)
  File "D:\Python_Project\WuPeiQi_Project\Django项目实战&源码分析班\NB_Platform\venvs\lib\site-packages\pymysql\cursors.py", line 322, in _query
    conn.query(q)
  File "D:\Python_Project\WuPeiQi_Project\Django项目实战&源码分析班\NB_Platform\venvs\lib\site-packages\pymysql\connections.py", line 563, in query
    self._affected_rows = self._read_query_result(unbuffered=unbuffered)
  File "D:\Python_Project\WuPeiQi_Project\Django项目实战&源码分析班\NB_Platform\venvs\lib\site-packages\pymysql\connections.py", line 825, in _read_query_result
    result.read()
  File "D:\Python_Project\WuPeiQi_Project\Django项目实战&源码分析班\NB_Platform\venvs\lib\site-packages\pymysql\connections.py", line 1199, in read
    first_packet = self.connection._read_packet()
  File "D:\Python_Project\WuPeiQi_Project\Django项目实战&源码分析班\NB_Platform\venvs\lib\site-packages\pymysql\connections.py", line 775, in _read_packet
    packet.raise_for_error()
  File "D:\Python_Project\WuPeiQi_Project\Django项目实战&源码分析班\NB_Platform\venvs\lib\site-packages\pymysql\protocol.py", line 219, in raise_for_error
    err.raise_mysql_exception(self._data)
  File "D:\Python_Project\WuPeiQi_Project\Django项目实战&源码分析班\NB_Platform\venvs\lib\site-packages\pymysql\err.py", line 150, in raise_mysql_exception
    raise errorclass(errno, errval)
pymysql.err.OperationalError: (1054, "Unknown column 'web_loginlog.map_location' in 'field list'")

The above exception was the direct cause of the following exception:

Traceback (most recent call last):
  File "D:\Python_Project\WuPeiQi_Project\Django项目实战&源码分析班\NB_Platform\venvs\lib\site-packages\django\core\handlers\exception.py", line 47, in inner
    response = get_response(request)
  File "D:\Python_Project\WuPeiQi_Project\Django项目实战&源码分析班\NB_Platform\venvs\lib\site-packages\django\core\handlers\base.py", line 181, in _get_response
    response = wrapped_callback(request, *callback_args, **callback_kwargs)
  File "D:\Python_Project\WuPeiQi_Project\Django项目实战&源码分析班\NB_Platform\web\views\customer.py", line 287, in customer_login_log
    return render(request,'customer_login_log.html',locals())
  File "D:\Python_Project\WuPeiQi_Project\Django项目实战&源码分析班\NB_Platform\venvs\lib\site-packages\django\shortcuts.py", line 19, in render
    content = loader.render_to_string(template_name, context, request, using=using)
  File "D:\Python_Project\WuPeiQi_Project\Django项目实战&源码分析班\NB_Platform\venvs\lib\site-packages\django\template\loader.py", line 62, in render_to_string
    return template.render(context, request)
  File "D:\Python_Project\WuPeiQi_Project\Django项目实战&源码分析班\NB_Platform\venvs\lib\site-packages\django\template\backends\django.py", line 61, in render
    return self.template.render(context)
  File "D:\Python_Project\WuPeiQi_Project\Django项目实战&源码分析班\NB_Platform\venvs\lib\site-packages\django\template\base.py", line 170, in render
    return self._render(context)
  File "D:\Python_Project\WuPeiQi_Project\Django项目实战&源码分析班\NB_Platform\venvs\lib\site-packages\django\template\base.py", line 162, in _render
    return self.nodelist.render(context)
  File "D:\Python_Project\WuPeiQi_Project\Django项目实战&源码分析班\NB_Platform\venvs\lib\site-packages\django\template\base.py", line 938, in render
    bit = node.render_annotated(context)
  File "D:\Python_Project\WuPeiQi_Project\Django项目实战&源码分析班\NB_Platform\venvs\lib\site-packages\django\template\base.py", line 905, in render_annotated
    return self.render(context)
  File "D:\Python_Project\WuPeiQi_Project\Django项目实战&源码分析班\NB_Platform\venvs\lib\site-packages\django\template\loader_tags.py", line 150, in render
    return compiled_parent._render(context)
  File "D:\Python_Project\WuPeiQi_Project\Django项目实战&源码分析班\NB_Platform\venvs\lib\site-packages\django\template\base.py", line 162, in _render
    return self.nodelist.render(context)
  File "D:\Python_Project\WuPeiQi_Project\Django项目实战&源码分析班\NB_Platform\venvs\lib\site-packages\django\template\base.py", line 938, in render
    bit = node.render_annotated(context)
  File "D:\Python_Project\WuPeiQi_Project\Django项目实战&源码分析班\NB_Platform\venvs\lib\site-packages\django\template\base.py", line 905, in render_annotated
    return self.render(context)
  File "D:\Python_Project\WuPeiQi_Project\Django项目实战&源码分析班\NB_Platform\venvs\lib\site-packages\django\template\loader_tags.py", line 62, in render
    result = block.nodelist.render(context)
  File "D:\Python_Project\WuPeiQi_Project\Django项目实战&源码分析班\NB_Platform\venvs\lib\site-packages\django\template\base.py", line 938, in render
    bit = node.render_annotated(context)
  File "D:\Python_Project\WuPeiQi_Project\Django项目实战&源码分析班\NB_Platform\venvs\lib\site-packages\django\template\base.py", line 905, in render_annotated
    return self.render(context)
  File "D:\Python_Project\WuPeiQi_Project\Django项目实战&源码分析班\NB_Platform\venvs\lib\site-packages\django\template\defaulttags.py", line 168, in render
    len_values = len(values)
  File "D:\Python_Project\WuPeiQi_Project\Django项目实战&源码分析班\NB_Platform\venvs\lib\site-packages\django\db\models\query.py", line 262, in __len__
    self._fetch_all()
  File "D:\Python_Project\WuPeiQi_Project\Django项目实战&源码分析班\NB_Platform\venvs\lib\site-packages\django\db\models\query.py", line 1324, in _fetch_all
    self._result_cache = list(self._iterable_class(self))
  File "D:\Python_Project\WuPeiQi_Project\Django项目实战&源码分析班\NB_Platform\venvs\lib\site-packages\django\db\models\query.py", line 51, in __iter__
    results = compiler.execute_sql(chunked_fetch=self.chunked_fetch, chunk_size=self.chunk_size)
  File "D:\Python_Project\WuPeiQi_Project\Django项目实战&源码分析班\NB_Platform\venvs\lib\site-packages\django\db\models\sql\compiler.py", line 1169, in execute_sql
    cursor.execute(sql, params)
  File "D:\Python_Project\WuPeiQi_Project\Django项目实战&源码分析班\NB_Platform\venvs\lib\site-packages\django\db\backends\utils.py", line 98, in execute
    return super().execute(sql, params)
  File "D:\Python_Project\WuPeiQi_Project\Django项目实战&源码分析班\NB_Platform\venvs\lib\site-packages\django\db\backends\utils.py", line 66, in execute
    return self._execute_with_wrappers(sql, params, many=False, executor=self._execute)
  File "D:\Python_Project\WuPeiQi_Project\Django项目实战&源码分析班\NB_Platform\venvs\lib\site-packages\django\db\backends\utils.py", line 75, in _execute_with_wrappers
    return executor(sql, params, many, context)
  File "D:\Python_Project\WuPeiQi_Project\Django项目实战&源码分析班\NB_Platform\venvs\lib\site-packages\django\db\backends\utils.py", line 84, in _execute
    return self.cursor.execute(sql, params)
  File "D:\Python_Project\WuPeiQi_Project\Django项目实战&源码分析班\NB_Platform\venvs\lib\site-packages\django\db\utils.py", line 90, in __exit__
    raise dj_exc_value.with_traceback(traceback) from exc_value
  File "D:\Python_Project\WuPeiQi_Project\Django项目实战&源码分析班\NB_Platform\venvs\lib\site-packages\django\db\backends\utils.py", line 84, in _execute
    return self.cursor.execute(sql, params)
  File "D:\Python_Project\WuPeiQi_Project\Django项目实战&源码分析班\NB_Platform\venvs\lib\site-packages\django\db\backends\mysql\base.py", line 73, in execute
    return self.cursor.execute(query, args)
  File "D:\Python_Project\WuPeiQi_Project\Django项目实战&源码分析班\NB_Platform\venvs\lib\site-packages\pymysql\cursors.py", line 153, in execute
    result = self._query(query)
  File "D:\Python_Project\WuPeiQi_Project\Django项目实战&源码分析班\NB_Platform\venvs\lib\site-packages\pymysql\cursors.py", line 322, in _query
    conn.query(q)
  File "D:\Python_Project\WuPeiQi_Project\Django项目实战&源码分析班\NB_Platform\venvs\lib\site-packages\pymysql\connections.py", line 563, in query
    self._affected_rows = self._read_query_result(unbuffered=unbuffered)
  File "D:\Python_Project\WuPeiQi_Project\Django项目实战&源码分析班\NB_Platform\venvs\lib\site-packages\pymysql\connections.py", line 825, in _read_query_result
    result.read()
  File "D:\Python_Project\WuPeiQi_Project\Django项目实战&源码分析班\NB_Platform\venvs\lib\site-packages\pymysql\connections.py", line 1199, in read
    first_packet = self.connection._read_packet()
  File "D:\Python_Project\WuPeiQi_Project\Django项目实战&源码分析班\NB_Platform\venvs\lib\site-packages\pymysql\connections.py", line 775, in _read_packet
    packet.raise_for_error()
  File "D:\Python_Project\WuPeiQi_Project\Django项目实战&源码分析班\NB_Platform\venvs\lib\site-packages\pymysql\protocol.py", line 219, in raise_for_error
    err.raise_mysql_exception(self._data)
  File "D:\Python_Project\WuPeiQi_Project\Django项目实战&源码分析班\NB_Platform\venvs\lib\site-packages\pymysql\err.py", line 150, in raise_mysql_exception
    raise errorclass(errno, errval)
django.db.utils.OperationalError: (1054, "Unknown column 'web_loginlog.map_location' in 'field list'")
2025-03-22 06:50:03 - django.server - ERROR - "GET /customer/login/log/16/ HTTP/1.1" 500 304941
2025-03-22 06:53:02 - django.utils.autoreload - INFO - Watching for file changes with StatReloader
2025-03-22 06:53:21 - django.server - INFO - "POST /login/ HTTP/1.1" 302 0
2025-03-22 06:53:21 - django.server - INFO - "GET /home/ HTTP/1.1" 200 2512
2025-03-22 06:53:22 - django.server - INFO - "GET /my/transaction/list/ HTTP/1.1" 200 9248
2025-03-22 06:53:32 - django.server - INFO - "GET /customer/login/log/16/ HTTP/1.1" 200 14855
2025-03-22 06:56:21 - django.server - INFO - "GET /customer/login/log/16/ HTTP/1.1" 200 15085
2025-03-22 06:57:03 - django.server - INFO - "GET /customer/login/log/16/ HTTP/1.1" 200 2512
2025-03-22 06:57:03 - django.server - INFO - "GET /static/css/commons.css HTTP/1.1" 304 0
2025-03-22 06:57:03 - django.request - WARNING - Not Found: /favicon.ico
2025-03-22 06:57:03 - django.server - WARNING - "GET /favicon.ico HTTP/1.1" 404 7144
2025-03-22 06:57:07 - django.server - INFO - "GET /logout/ HTTP/1.1" 302 0
2025-03-22 06:57:07 - django.server - INFO - "GET /login/ HTTP/1.1" 200 2116
2025-03-22 06:57:14 - django.server - INFO - "POST /login/ HTTP/1.1" 302 0
2025-03-22 06:57:14 - django.server - INFO - "GET /home/ HTTP/1.1" 200 2512
2025-03-22 06:57:15 - django.server - INFO - "GET /my/order/list/ HTTP/1.1" 200 4604
2025-03-22 06:57:15 - django.server - INFO - "GET /my/transaction/list/ HTTP/1.1" 200 9248
2025-03-22 06:57:19 - django.server - INFO - "GET /customer/login/log/16/ HTTP/1.1" 200 15085
2025-03-22 06:57:20 - django.server - INFO - "GET /customer/login/log/16/ HTTP/1.1" 200 15085
2025-03-22 06:57:20 - django.server - INFO - "GET /customer/login/log/16/ HTTP/1.1" 200 15085
2025-03-22 07:08:14 - django.utils.autoreload - INFO - Watching for file changes with StatReloader
2025-03-22 07:08:32 - django.server - INFO - "GET /logout/ HTTP/1.1" 302 0
2025-03-22 07:08:32 - django.server - INFO - "GET /login/ HTTP/1.1" 200 2116
2025-03-22 07:08:39 - django.server - INFO - "POST /login/ HTTP/1.1" 302 0
2025-03-22 07:08:39 - django.server - INFO - "GET /home/ HTTP/1.1" 200 2512
2025-03-22 07:08:40 - django.server - INFO - "GET /my/transaction/list/ HTTP/1.1" 200 9248
2025-03-22 07:08:43 - django.server - INFO - "GET /customer/login/log/16/ HTTP/1.1" 200 15085
2025-03-22 07:11:07 - django.utils.autoreload - INFO - Watching for file changes with StatReloader
2025-03-22 07:11:13 - django.server - INFO - "GET /logout/ HTTP/1.1" 302 0
2025-03-22 07:11:13 - django.server - INFO - "GET /login/ HTTP/1.1" 200 2116
2025-03-22 07:11:21 - django.server - INFO - "POST /login/ HTTP/1.1" 302 0
2025-03-22 07:11:21 - django.server - INFO - "GET /home/ HTTP/1.1" 200 2512
2025-03-22 07:11:22 - django.server - INFO - "GET /my/transaction/list/ HTTP/1.1" 200 9248
2025-03-22 07:12:42 - django.utils.autoreload - INFO - D:\Python_Project\WuPeiQi_Project\Django项目实战&源码分析班\NB_Platform\web\models.py changed, reloading.
2025-03-22 07:12:43 - django.utils.autoreload - INFO - Watching for file changes with StatReloader
